<?xml version="1.0" encoding="UTF-8"?>
<!-- Generated by org.testng.reporters.JUnitReportReporter -->
<testsuite hostname="EGY-AHANAFY-NB1" failures="0" tests="1" name="AppiumFramework.Appium.Shopping_UseCase" time="34.199" errors="0" timestamp="2020-10-26T16:36:38 EET" skipped="0">
  <testcase classname="AppiumFramework.Appium.Shopping_UseCase" name="TotalAmountValidation" time="34.199"/>
  <system-out/>
</testsuite> <!-- AppiumFramework.Appium.Shopping_UseCase -->
