<?xml version="1.0" encoding="UTF-8"?>
<!-- Generated by org.testng.reporters.JUnitReportReporter -->
<testsuite hostname="EGY-AHANAFY-NB1" failures="0" tests="1" name="AppiumFramework.Appium.Ecommerce_Test3" time="29.651" errors="0" timestamp="2020-05-27T17:47:16 EET" skipped="0">
  <testcase classname="AppiumFramework.Appium.Ecommerce_Test3" name="TotalAmountValidation" time="29.651"/>
  <system-out/>
</testsuite> <!-- AppiumFramework.Appium.Ecommerce_Test3 -->
